simulation_id: 1 
rock through net:  18 
probability rock through net:  0.018 
car hit stat: 0 (Calculated with traffic data of the swiss institute of statistics) 
probability car hit stat: 0 
car hit even: 0 (Calculated with an evenly distributed traffic) 
probability car hit even: 0 
car hit max: 0 (Calculated with maximum traffic at all times) 
probability car hit max: 0 

simulation_id: 2 
rock through net:  18 
probability rock through net:  0.018 
car hit stat: 0 (Calculated with traffic data of the swiss institute of statistics) 
probability car hit stat: 0 
car hit even: 0 (Calculated with an evenly distributed traffic) 
probability car hit even: 0 
car hit max: 0 (Calculated with maximum traffic at all times) 
probability car hit max: 0 

simulation_id: 3 
rock through net:  13 
probability rock through net:  0.013 
car hit stat: 0 (Calculated with traffic data of the swiss institute of statistics) 
probability car hit stat: 0 
car hit even: 0 (Calculated with an evenly distributed traffic) 
probability car hit even: 0 
car hit max: 0 (Calculated with maximum traffic at all times) 
probability car hit max: 0 

simulation_id: 4 
rock through net:  10 
probability rock through net:  0.01 
car hit stat: 0 (Calculated with traffic data of the swiss institute of statistics) 
probability car hit stat: 0 
car hit even: 0 (Calculated with an evenly distributed traffic) 
probability car hit even: 0 
car hit max: 0 (Calculated with maximum traffic at all times) 
probability car hit max: 0 

simulation_id: 5 
rock through net:  12 
probability rock through net:  0.012 
car hit stat: 0 (Calculated with traffic data of the swiss institute of statistics) 
probability car hit stat: 0 
car hit even: 0 (Calculated with an evenly distributed traffic) 
probability car hit even: 0 
car hit max: 0 (Calculated with maximum traffic at all times) 
probability car hit max: 0 

simulation_id: 1 
rock through net:  14 
probability rock through net:  0.014 
car hit stat: 0 (Calculated with traffic data of the swiss institute of statistics) 
probability car hit stat: 0 
car hit even: 0 (Calculated with an evenly distributed traffic) 
probability car hit even: 0 
car hit max: 0 (Calculated with maximum traffic at all times) 
probability car hit max: 0 

simulation_id: 1 
rock through net:  15 
probability rock through net:  0.015 
car hit stat: 0 (Calculated with traffic data of the swiss institute of statistics) 
probability car hit stat: 0 
car hit even: 0 (Calculated with an evenly distributed traffic) 
probability car hit even: 0 
car hit max: 0 (Calculated with maximum traffic at all times) 
probability car hit max: 0 

simulation_id: 1 
rock through net:  15 
probability rock through net:  0.015 
car hit stat: 0 (Calculated with traffic data of the swiss institute of statistics) 
probability car hit stat: 0 
car hit even: 0 (Calculated with an evenly distributed traffic) 
probability car hit even: 0 
car hit max: 0 (Calculated with maximum traffic at all times) 
probability car hit max: 0 

simulation_id: 1 
rock through net:  0 
probability rock through net:  0 
car hit stat: 0 (Calculated with traffic data of the swiss institute of statistics) 
probability car hit stat: 0 
car hit even: 0 (Calculated with an evenly distributed traffic) 
probability car hit even: 0 
car hit max: 0 (Calculated with maximum traffic at all times) 
probability car hit max: 0 

simulation_id: 1 
rock through net:  0 
probability rock through net:  0 
car hit stat: 0 (Calculated with traffic data of the swiss institute of statistics) 
probability car hit stat: 0 
car hit even: 0 (Calculated with an evenly distributed traffic) 
probability car hit even: 0 
car hit max: 0 (Calculated with maximum traffic at all times) 
probability car hit max: 0 

simulation_id: 1 
rock through net:  0 
probability rock through net:  0 
car hit stat: 0 (Calculated with traffic data of the swiss institute of statistics) 
probability car hit stat: 0 
car hit even: 0 (Calculated with an evenly distributed traffic) 
probability car hit even: 0 
car hit max: 0 (Calculated with maximum traffic at all times) 
probability car hit max: 0 

simulation_id: 1 
rock through net:  0 
probability rock through net:  0 
car hit stat: 0 (Calculated with traffic data of the swiss institute of statistics) 
probability car hit stat: 0 
car hit even: 0 (Calculated with an evenly distributed traffic) 
probability car hit even: 0 
car hit max: 0 (Calculated with maximum traffic at all times) 
probability car hit max: 0 

simulation_id: 1 
rock through net:  1 
probability rock through net:  0.01 
car hit stat: 0 (Calculated with traffic data of the swiss institute of statistics) 
probability car hit stat: 0 
car hit even: 0 (Calculated with an evenly distributed traffic) 
probability car hit even: 0 
car hit max: 0 (Calculated with maximum traffic at all times) 
probability car hit max: 0 

simulation_id: 1 
rock through net:  1 
probability rock through net:  0.01 
car hit stat: 0 (Calculated with traffic data of the swiss institute of statistics) 
probability car hit stat: 0 
car hit even: 0 (Calculated with an evenly distributed traffic) 
probability car hit even: 0 
car hit max: 0 (Calculated with maximum traffic at all times) 
probability car hit max: 0 

simulation_id: 1 
rock through net:  1 
probability rock through net:  0.01 
car hit stat: 0 (Calculated with traffic data of the swiss institute of statistics) 
probability car hit stat: 0 
car hit even: 0 (Calculated with an evenly distributed traffic) 
probability car hit even: 0 
car hit max: 1 (Calculated with maximum traffic at all times) 
probability car hit max: 0.01 

simulation_id: 1 
rock through net:  4 
probability rock through net:  0.04 
car hit stat: 0 (Calculated with traffic data of the swiss institute of statistics) 
probability car hit stat: 0 
car hit even: 0 (Calculated with an evenly distributed traffic) 
probability car hit even: 0 
car hit max: 0 (Calculated with maximum traffic at all times) 
probability car hit max: 0 

simulation_id: 1 
rock through net:  1 
probability rock through net:  0.01 
car hit stat: 0 (Calculated with traffic data of the swiss institute of statistics) 
probability car hit stat: 0 
car hit even: 0 (Calculated with an evenly distributed traffic) 
probability car hit even: 0 
car hit max: 0 (Calculated with maximum traffic at all times) 
probability car hit max: 0 

simulation_id: 1 
rock through net:  0 
probability rock through net:  0 
car hit stat: 0 (Calculated with traffic data of the swiss institute of statistics) 
probability car hit stat: 0 
car hit even: 0 (Calculated with an evenly distributed traffic) 
probability car hit even: 0 
car hit max: 0 (Calculated with maximum traffic at all times) 
probability car hit max: 0 

simulation_id: 1 
rock through net:  0 
probability rock through net:  0 
car hit stat: 0 (Calculated with traffic data of the swiss institute of statistics) 
probability car hit stat: 0 
car hit even: 0 (Calculated with an evenly distributed traffic) 
probability car hit even: 0 
car hit max: 0 (Calculated with maximum traffic at all times) 
probability car hit max: 0 

simulation_id: 1 
rock through net:  0 
probability rock through net:  0 
car hit stat: 0 (Calculated with traffic data of the swiss institute of statistics) 
probability car hit stat: 0 
car hit even: 0 (Calculated with an evenly distributed traffic) 
probability car hit even: 0 
car hit max: 0 (Calculated with maximum traffic at all times) 
probability car hit max: 0 

simulation_id: 1 
rock through net:  0 
probability rock through net:  0 
car hit stat: 0 (Calculated with traffic data of the swiss institute of statistics) 
probability car hit stat: 0 
car hit even: 0 (Calculated with an evenly distributed traffic) 
probability car hit even: 0 
car hit max: 0 (Calculated with maximum traffic at all times) 
probability car hit max: 0 

simulation_id: 1 
rock through net:  0 
probability rock through net:  0 
car hit stat: 0 (Calculated with traffic data of the swiss institute of statistics) 
probability car hit stat: 0 
car hit even: 0 (Calculated with an evenly distributed traffic) 
probability car hit even: 0 
car hit max: 0 (Calculated with maximum traffic at all times) 
probability car hit max: 0 

simulation_id: 1 
rock through net:  0 
probability rock through net:  0 
car hit stat: 0 (Calculated with traffic data of the swiss institute of statistics) 
probability car hit stat: 0 
car hit even: 0 (Calculated with an evenly distributed traffic) 
probability car hit even: 0 
car hit max: 0 (Calculated with maximum traffic at all times) 
probability car hit max: 0 

simulation_id: 1 
rock through net:  1 
probability rock through net:  0.1 
car hit stat: 0 (Calculated with traffic data of the swiss institute of statistics) 
probability car hit stat: 0 
car hit even: 0 (Calculated with an evenly distributed traffic) 
probability car hit even: 0 
car hit max: 0 (Calculated with maximum traffic at all times) 
probability car hit max: 0 

simulation_id: 2 
rock through net:  0 
probability rock through net:  0 
car hit stat: 0 (Calculated with traffic data of the swiss institute of statistics) 
probability car hit stat: 0 
car hit even: 0 (Calculated with an evenly distributed traffic) 
probability car hit even: 0 
car hit max: 0 (Calculated with maximum traffic at all times) 
probability car hit max: 0 

simulation_id: 1 
rock through net:  0 
probability rock through net:  0 
car hit stat: 0 (Calculated with traffic data of the swiss institute of statistics) 
probability car hit stat: 0 
car hit even: 0 (Calculated with an evenly distributed traffic) 
probability car hit even: 0 
car hit max: 0 (Calculated with maximum traffic at all times) 
probability car hit max: 0 

simulation_id: 2 
rock through net:  0 
probability rock through net:  0 
car hit stat: 0 (Calculated with traffic data of the swiss institute of statistics) 
probability car hit stat: 0 
car hit even: 0 (Calculated with an evenly distributed traffic) 
probability car hit even: 0 
car hit max: 0 (Calculated with maximum traffic at all times) 
probability car hit max: 0 

simulation_id: 1 
rock through net:  0 
probability rock through net:  0 
car hit stat: 0 (Calculated with traffic data of the swiss institute of statistics) 
probability car hit stat: 0 
car hit even: 0 (Calculated with an evenly distributed traffic) 
probability car hit even: 0 
car hit max: 0 (Calculated with maximum traffic at all times) 
probability car hit max: 0 

simulation_id: 2 
rock through net:  0 
probability rock through net:  0 
car hit stat: 0 (Calculated with traffic data of the swiss institute of statistics) 
probability car hit stat: 0 
car hit even: 0 (Calculated with an evenly distributed traffic) 
probability car hit even: 0 
car hit max: 0 (Calculated with maximum traffic at all times) 
probability car hit max: 0 

simulation_id: 1 
rock through net:  0 
probability rock through net:  0 
car hit stat: 0 (Calculated with traffic data of the swiss institute of statistics) 
probability car hit stat: 0 
car hit even: 0 (Calculated with an evenly distributed traffic) 
probability car hit even: 0 
car hit max: 0 (Calculated with maximum traffic at all times) 
probability car hit max: 0 

simulation_id: 2 
rock through net:  0 
probability rock through net:  0 
car hit stat: 0 (Calculated with traffic data of the swiss institute of statistics) 
probability car hit stat: 0 
car hit even: 0 (Calculated with an evenly distributed traffic) 
probability car hit even: 0 
car hit max: 0 (Calculated with maximum traffic at all times) 
probability car hit max: 0 

simulation_id: 1 
rock through net:  0 
probability rock through net:  0 
car hit stat: 0 (Calculated with traffic data of the swiss institute of statistics) 
probability car hit stat: 0 
car hit even: 0 (Calculated with an evenly distributed traffic) 
probability car hit even: 0 
car hit max: 0 (Calculated with maximum traffic at all times) 
probability car hit max: 0 

simulation_id: 1 
rock through net:  1 
probability rock through net:  0.01 
car hit stat: 0 (Calculated with traffic data of the swiss institute of statistics) 
probability car hit stat: 0 
car hit even: 0 (Calculated with an evenly distributed traffic) 
probability car hit even: 0 
car hit max: 0 (Calculated with maximum traffic at all times) 
probability car hit max: 0 

simulation_id: 1 
rock through net:  3 
probability rock through net:  0.03 
car hit stat: 0 (Calculated with traffic data of the swiss institute of statistics) 
probability car hit stat: 0 
car hit even: 0 (Calculated with an evenly distributed traffic) 
probability car hit even: 0 
car hit max: 0 (Calculated with maximum traffic at all times) 
probability car hit max: 0 

simulation_id: 1 
rock through net:  2 
probability rock through net:  0.02 
car hit stat: 0 (Calculated with traffic data of the swiss institute of statistics) 
probability car hit stat: 0 
car hit even: 0 (Calculated with an evenly distributed traffic) 
probability car hit even: 0 
car hit max: 0 (Calculated with maximum traffic at all times) 
probability car hit max: 0 

simulation_id: 1 
rock through net:  0 
probability rock through net:  0 
car hit stat: 0 (Calculated with traffic data of the swiss institute of statistics) 
probability car hit stat: 0 
car hit even: 0 (Calculated with an evenly distributed traffic) 
probability car hit even: 0 
car hit max: 0 (Calculated with maximum traffic at all times) 
probability car hit max: 0 

simulation_id: 1 
rock through net:  0 
probability rock through net:  0 
car hit stat: 0 (Calculated with traffic data of the swiss institute of statistics) 
probability car hit stat: 0 
car hit even: 0 (Calculated with an evenly distributed traffic) 
probability car hit even: 0 
car hit max: 0 (Calculated with maximum traffic at all times) 
probability car hit max: 0 

simulation_id: 1 
rock through net:  1 
probability rock through net:  0.01 
car hit stat: 0 (Calculated with traffic data of the swiss institute of statistics) 
probability car hit stat: 0 
car hit even: 0 (Calculated with an evenly distributed traffic) 
probability car hit even: 0 
car hit max: 0 (Calculated with maximum traffic at all times) 
probability car hit max: 0 

simulation_id: 1 
rock through net:  5 
probability rock through net:  0.05 
car hit stat: 0 (Calculated with traffic data of the swiss institute of statistics) 
probability car hit stat: 0 
car hit even: 0 (Calculated with an evenly distributed traffic) 
probability car hit even: 0 
car hit max: 0 (Calculated with maximum traffic at all times) 
probability car hit max: 0 

simulation_id: 1 
rock through net:  1 
probability rock through net:  0.01 
car hit stat: 0 (Calculated with traffic data of the swiss institute of statistics) 
probability car hit stat: 0 
car hit even: 0 (Calculated with an evenly distributed traffic) 
probability car hit even: 0 
car hit max: 0 (Calculated with maximum traffic at all times) 
probability car hit max: 0 

simulation_id: 1 
rock through net:  145 
probability rock through net:  0.0145 
car hit stat: 1 (Calculated with traffic data of the swiss institute of statistics) 
probability car hit stat: 1e-04 
car hit even: 1 (Calculated with an evenly distributed traffic) 
probability car hit even: 1e-04 
car hit max: 4 (Calculated with maximum traffic at all times) 
probability car hit max: 4e-04 

simulation_id: 1 
rock through net:  1 
probability rock through net:  0.01 
car hit stat: 0 (Calculated with traffic data of the swiss institute of statistics) 
probability car hit stat: 0 
car hit even: 0 (Calculated with an evenly distributed traffic) 
probability car hit even: 0 
car hit max: 0 (Calculated with maximum traffic at all times) 
probability car hit max: 0 

simulation_id: 1 
rock through net:  2 
probability rock through net:  0.02 
car hit stat: 0 (Calculated with traffic data of the swiss institute of statistics) 
probability car hit stat: 0 
car hit even: 0 (Calculated with an evenly distributed traffic) 
probability car hit even: 0 
car hit max: 0 (Calculated with maximum traffic at all times) 
probability car hit max: 0 

simulation_id: 1 
rock through net:  12 
probability rock through net:  0.012 
car hit stat: 1 (Calculated with traffic data of the swiss institute of statistics) 
probability car hit stat: 0.001 
car hit even: 1 (Calculated with an evenly distributed traffic) 
probability car hit even: 0.001 
car hit max: 1 (Calculated with maximum traffic at all times) 
probability car hit max: 0.001 

simulation_id: 1 
rock through net:  183 
probability rock through net:  0.0183 
car hit stat: 5 (Calculated with traffic data of the swiss institute of statistics) 
probability car hit stat: 5e-04 
car hit even: 5 (Calculated with an evenly distributed traffic) 
probability car hit even: 5e-04 
car hit max: 8 (Calculated with maximum traffic at all times) 
probability car hit max: 8e-04 

simulation_id: 1 
rock through net:  3 
probability rock through net:  0.03 
car hit stat: 0 (Calculated with traffic data of the swiss institute of statistics) 
probability car hit stat: 0 
car hit even: 0 (Calculated with an evenly distributed traffic) 
probability car hit even: 0 
car hit max: 0 (Calculated with maximum traffic at all times) 
probability car hit max: 0 

simulation_id: 1 
rock through net:  0 
probability rock through net:  0 
car hit stat: 0 (Calculated with traffic data of the swiss institute of statistics) 
probability car hit stat: 0 
car hit even: 0 (Calculated with an evenly distributed traffic) 
probability car hit even: 0 
car hit max: 0 (Calculated with maximum traffic at all times) 
probability car hit max: 0 

simulation_id: 1 
rock through net:  1 
probability rock through net:  0.01 
car hit stat: 0 (Calculated with traffic data of the swiss institute of statistics) 
probability car hit stat: 0 
car hit even: 0 (Calculated with an evenly distributed traffic) 
probability car hit even: 0 
car hit max: 0 (Calculated with maximum traffic at all times) 
probability car hit max: 0 

simulation_id: 1 
rock through net:  0 
probability rock through net:  0 
car hit stat: 0 (Calculated with traffic data of the swiss institute of statistics) 
probability car hit stat: 0 
car hit even: 0 (Calculated with an evenly distributed traffic) 
probability car hit even: 0 
car hit max: 0 (Calculated with maximum traffic at all times) 
probability car hit max: 0 

simulation_id: 1 
rock through net:  0 
probability rock through net:  0 
car hit stat: 0 (Calculated with traffic data of the swiss institute of statistics) 
probability car hit stat: 0 
car hit even: 0 (Calculated with an evenly distributed traffic) 
probability car hit even: 0 
car hit max: 0 (Calculated with maximum traffic at all times) 
probability car hit max: 0 

simulation_id: 1 
rock through net:  1 
probability rock through net:  0.1 
car hit stat: 0 (Calculated with traffic data of the swiss institute of statistics) 
probability car hit stat: 0 
car hit even: 0 (Calculated with an evenly distributed traffic) 
probability car hit even: 0 
car hit max: 0 (Calculated with maximum traffic at all times) 
probability car hit max: 0 

simulation_id: 1 
rock through net:  1620 
probability rock through net:  0.0162 
car hit stat: 15 (Calculated with traffic data of the swiss institute of statistics) 
probability car hit stat: 0.00015 
car hit even: 12 (Calculated with an evenly distributed traffic) 
probability car hit even: 0.00012 
car hit max: 27 (Calculated with maximum traffic at all times) 
probability car hit max: 0.00027 

